#
# A fatal error has been detected by the Java Runtime Environment:
#
#  SIGSEGV (0xb) at pc=0x000000012a28f3fd, pid=1437, tid=775
#
# JRE version: Java(TM) SE Runtime Environment (8.0_25-b17) (build 1.8.0_25-b17)
# Java VM: Java HotSpot(TM) 64-Bit Server VM (25.25-b02 mixed mode bsd-amd64 compressed oops)
# Problematic frame:
# C  [libglass.dylib+0x163fd]  GlassScreenDidChangeScreenParameters+0x9d
#
# Failed to write core dump. Core dumps have been disabled. To enable core dumping, try "ulimit -c unlimited" before starting Java again
#
# If you would like to submit a bug report, please visit:
#   http://bugreport.sun.com/bugreport/crash.jsp
#

---------------  T H R E A D  ---------------

Current thread is native thread

siginfo: si_signo: 11 (SIGSEGV), si_code: 1 (SEGV_MAPERR), si_addr: 0x0000000000000000

Registers:
RAX=0x000000012a2c1e40, RBX=0x0000000000000000, RCX=0x0000000000000103, RDX=0x00007fb170bc7ed0
RSP=0x00007fff53e1ddc0, RBP=0x00007fff53e1ddd0, RSI=0x00007fb16e400d98, RDI=0x0000000000000000
R8 =0x0000000000000040, R9 =0x00007fffd2892040, R10=0xffffffffffffffff, R11=0x0000000000012068
R12=0x0000000000000000, R13=0x00007fb16e6560f0, R14=0x00007fb1770bfcd0, R15=0x0000000000000000
RIP=0x000000012a28f3fd, EFLAGS=0x0000000000010202, ERR=0x0000000000000004
  TRAPNO=0x000000000000000e

Top of Stack: (sp=0x00007fff53e1ddc0)
0x00007fff53e1ddc0:   00007fb16e6561b0 00007fb1770bfcd0
0x00007fff53e1ddd0:   00007fff53e1dde0 00007fffb424f50c
0x00007fff53e1dde0:   00007fff53e1de50 00007fffb424f40b
0x00007fff53e1ddf0:   0000000000000000 00007fffd288d060
0x00007fff53e1de00:   00000000c2000000 00007fffb424f460
0x00007fff53e1de10:   00007fffcf10d680 00007fb16e6560f0
0x00007fff53e1de20:   00007fb1770bfcd0 00007fff53e1e618
0x00007fff53e1de30:   00007fffc90a9040 00007fff53e1df20
0x00007fff53e1de40:   00007fb16e6560f0 00007fffb2954078
0x00007fff53e1de50:   00007fff53e1de90 00007fffb424f172
0x00007fff53e1de60:   00007fff53e1e460 0000000000000000
0x00007fff53e1de70:   00007fffc90a9040 00007fff53e1df20
0x00007fff53e1de80:   00007fff53e1e618 00007fffb2954078
0x00007fff53e1de90:   00007fff53e1e5b0 00007fffb420c5a3
0x00007fff53e1dea0:   00007fffb2954027 00007fff53e1e270
0x00007fff53e1deb0:   0000000000000000 00007fff53e1e1d8
0x00007fff53e1dec0:   00007fb16e526ef0 00007fffcf10ecb0
0x00007fff53e1ded0:   0000000000000000 00007fb16f9be0c0
0x00007fff53e1dee0:   00007fb16e526f01 00007fb16e743a10
0x00007fff53e1def0:   00007fffcf2410e0 0000000000000000
0x00007fff53e1df00:   00007fb16e6561e0 0000000000000000
0x00007fff53e1df10:   0000000000000000 00007fffcf14d900
0x00007fff53e1df20:   00007fff53e1e460 0000000000000001
0x00007fff53e1df30:   0000000000000100 ff80000000001000
0x00007fff53e1df40:   00007fff53e1e360 0000000000000000
0x00007fff53e1df50:   0000000000000100 00007fff53e1e000
0x00007fff53e1df60:   00007fff53e1e200 00007fffb1cf8d92
0x00007fff53e1df70:   4042000000000000 0000000000000000
0x00007fff53e1df80:   4092e00000000000 404b800000000000
0x00007fff53e1df90:   0000000000000000 0000000000000000
0x00007fff53e1dfa0:   4094000000000000 4089000000000000
0x00007fff53e1dfb0:   0000000100000010 00007fffb2954477 

Instructions: (pc=0x000000012a28f3fd)
0x000000012a28f3dd:   89 df 4c 89 f1 41 ff 90 68 04 00 00 48 8d 05 58
0x000000012a28f3ed:   29 03 00 48 8b 30 48 8d 05 46 2a 03 00 48 8b 10
0x000000012a28f3fd:   48 8b 0b 30 c0 48 89 df ff 91 68 04 00 00 48 8b
0x000000012a28f40d:   03 48 89 df ff 50 78 48 85 c0 74 36 49 89 c6 48 

Register to memory mapping:

RAX=0x000000012a2c1e40: jScreenNotifySettingsChanged+0 in /Library/Java/JavaVirtualMachines/jdk1.8.0_25.jdk/Contents/Home/jre/lib/libglass.dylib at 0x000000012a279000
RBX=0x0000000000000000 is an unknown value
RCX=0x0000000000000103 is an unknown value
RDX=0x00007fb170bc7ed0 is an unknown value
RSP=0x00007fff53e1ddc0 is an unknown value
RBP=0x00007fff53e1ddd0 is an unknown value
RSI=0x00007fb16e400d98 is a global jni handle
RDI=0x0000000000000000 is an unknown value
R8 =0x0000000000000040 is an unknown value
R9 =0x00007fffd2892040: __sFX+0x1c0 in /usr/lib/system/libsystem_c.dylib at 0x00007fffc99d1000
R10=0xffffffffffffffff is an unknown value
R11=0x0000000000012068 is an unknown value
R12=0x0000000000000000 is an unknown value
R13=0x00007fb16e6560f0 is an unknown value
R14=0x00007fb1770bfcd0 is an unknown value
R15=0x0000000000000000 is an unknown value


Stack: [0x00007fff53629000,0x00007fff53e29000],  sp=0x00007fff53e1ddc0,  free space=8147k
Native frames: (J=compiled Java code, j=interpreted, Vv=VM code, C=native code)
C  [libglass.dylib+0x163fd]  GlassScreenDidChangeScreenParameters+0x9d
C  [CoreFoundation+0x9d50c]  __CFNOTIFICATIONCENTER_IS_CALLING_OUT_TO_AN_OBSERVER__+0xc
C  [CoreFoundation+0x9d40b]  _CFXRegistrationPost+0x1ab
C  [CoreFoundation+0x9d172]  ___CFXNotificationPost_block_invoke+0x32
C  [CoreFoundation+0x5a5a3]  -[_CFXNotificationRegistrar find:object:observer:enumerator:]+0x723
C  [CoreFoundation+0x595dc]  _CFXNotificationPost+0x25c
C  [Foundation+0x6997]  -[NSNotificationCenter postNotificationName:object:userInfo:]+0x42
C  [AppKit+0x3f0e8a]  -[NSApplication _reactToScreenInvalidationImmediately:]+0x18f
C  [AppKit+0x3f0cc7]  __44-[NSApplication _reactToScreenInvalidation:]_block_invoke+0x3b
C  [CoreFoundation+0xa721c]  __CFRUNLOOP_IS_CALLING_OUT_TO_A_BLOCK__+0xc
C  [CoreFoundation+0x88034]  __CFRunLoopDoBlocks+0x164
C  [CoreFoundation+0x87b76]  __CFRunLoopRun+0x756
C  [CoreFoundation+0x871c4]  CFRunLoopRunSpecific+0x1a4
C  [java+0x56cc]  CreateExecutionEnvironment+0x367
C  [java+0x165c]  JLI_Launch+0x7a0
C  [java+0x768a]  main+0x65
C  [java+0xeb4]  start+0x34


---------------  P R O C E S S  ---------------

VM state:not at safepoint (normal execution)

VM Mutex/Monitor currently owned by a thread: None

Heap:
 PSYoungGen      total 67072K, used 8082K [0x000000076ab00000, 0x000000077a600000, 0x00000007c0000000)
  eden space 66560K, 11% used [0x000000076ab00000,0x000000076b271b20,0x000000076ec00000)
  from space 512K, 89% used [0x000000077a580000,0x000000077a5f2e30,0x000000077a600000)
  to   space 1024K, 0% used [0x000000077a400000,0x000000077a400000,0x000000077a500000)
 ParOldGen       total 98304K, used 76257K [0x00000006c0000000, 0x00000006c6000000, 0x000000076ab00000)
  object space 98304K, 77% used [0x00000006c0000000,0x00000006c4a786e0,0x00000006c6000000)
 Metaspace       used 35305K, capacity 36636K, committed 36696K, reserved 1081344K
  class space    used 4472K, capacity 4720K, committed 4736K, reserved 1048576K

Card table byte_map: [0x000000010dadc000,0x000000010e2dd000] byte_map_base: 0x000000010a4dc000

Marking Bits: (ParMarkBitMap*) 0x000000010d09d390
 Begin Bits: [0x000000011dc67000, 0x0000000121c67000)
 End Bits:   [0x0000000121c67000, 0x0000000125c67000)

Polling page: 0x000000010be95000

CodeCache: size=245760Kb used=19096Kb max_used=19497Kb free=226663Kb
 bounds [0x000000010e711000, 0x000000010fb01000, 0x000000011d711000]
 total_blobs=6713 nmethods=5929 adapters=696
 compilation: enabled

Compilation events (10 events):
Event: 3817.348 Thread 0x00007fb16f812800 7629       3       java.lang.invoke.MemberName::hashCode (39 bytes)
Event: 3817.349 Thread 0x00007fb16f812800 nmethod 7629 0x000000010f760890 code [0x000000010f760aa0, 0x000000010f761828]
Event: 3817.349 Thread 0x00007fb16f812800 7630       3       java.util.Objects::hash (5 bytes)
Event: 3817.349 Thread 0x00007fb16f812800 nmethod 7630 0x000000010eef4ed0 code [0x000000010eef5040, 0x000000010eef51a8]
Event: 3817.349 Thread 0x00007fb16f812800 7631       3       java.lang.Byte::hashCode (8 bytes)
Event: 3817.349 Thread 0x00007fb16f812800 nmethod 7631 0x000000010ef6e990 code [0x000000010ef6eb00, 0x000000010ef6ecb0]
Event: 3817.349 Thread 0x00007fb16f812800 7632       3       java.lang.Byte::hashCode (2 bytes)
Event: 3817.349 Thread 0x00007fb16f812800 nmethod 7632 0x000000010f71ed10 code [0x000000010f71ee60, 0x000000010f71ef90]
Event: 3817.349 Thread 0x00007fb16f812800 7633   !   3       java.lang.invoke.MethodHandleNatives::linkMethodHandleConstant (154 bytes)
Event: 3817.350 Thread 0x00007fb16f812800 nmethod 7633 0x000000010ee66550 code [0x000000010ee667a0, 0x000000010ee67398]

GC Heap History (10 events):
Event: 3759.550 GC heap before
{Heap before GC invocations=549 (full 3):
 PSYoungGen      total 75264K, used 74683K [0x000000076ab00000, 0x000000077a780000, 0x00000007c0000000)
  eden space 74240K, 100% used [0x000000076ab00000,0x000000076f380000,0x000000076f380000)
  from space 1024K, 43% used [0x000000077a580000,0x000000077a5eef28,0x000000077a680000)
  to   space 1024K, 0% used [0x000000077a680000,0x000000077a680000,0x000000077a780000)
 ParOldGen       total 98304K, used 76193K [0x00000006c0000000, 0x00000006c6000000, 0x000000076ab00000)
  object space 98304K, 77% used [0x00000006c0000000,0x00000006c4a686e0,0x00000006c6000000)
 Metaspace       used 35283K, capacity 36606K, committed 36696K, reserved 1081344K
  class space    used 4468K, capacity 4713K, committed 4736K, reserved 1048576K
Event: 3759.553 GC heap after
Heap after GC invocations=549 (full 3):
 PSYoungGen      total 73216K, used 453K [0x000000076ab00000, 0x000000077a700000, 0x00000007c0000000)
  eden space 72704K, 0% used [0x000000076ab00000,0x000000076ab00000,0x000000076f200000)
  from space 512K, 88% used [0x000000077a680000,0x000000077a6f1690,0x000000077a700000)
  to   space 1024K, 0% used [0x000000077a500000,0x000000077a500000,0x000000077a600000)
 ParOldGen       total 98304K, used 76209K [0x00000006c0000000, 0x00000006c6000000, 0x000000076ab00000)
  object space 98304K, 77% used [0x00000006c0000000,0x00000006c4a6c6e0,0x00000006c6000000)
 Metaspace       used 35283K, capacity 36606K, committed 36696K, reserved 1081344K
  class space    used 4468K, capacity 4713K, committed 4736K, reserved 1048576K
}
Event: 3779.367 GC heap before
{Heap before GC invocations=550 (full 3):
 PSYoungGen      total 73216K, used 73157K [0x000000076ab00000, 0x000000077a700000, 0x00000007c0000000)
  eden space 72704K, 100% used [0x000000076ab00000,0x000000076f200000,0x000000076f200000)
  from space 512K, 88% used [0x000000077a680000,0x000000077a6f1690,0x000000077a700000)
  to   space 1024K, 0% used [0x000000077a500000,0x000000077a500000,0x000000077a600000)
 ParOldGen       total 98304K, used 76209K [0x00000006c0000000, 0x00000006c6000000, 0x000000076ab00000)
  object space 98304K, 77% used [0x00000006c0000000,0x00000006c4a6c6e0,0x00000006c6000000)
 Metaspace       used 35283K, capacity 36606K, committed 36696K, reserved 1081344K
  class space    used 4468K, capacity 4713K, committed 4736K, reserved 1048576K
Event: 3779.371 GC heap after
Heap after GC invocations=550 (full 3):
 PSYoungGen      total 72192K, used 391K [0x000000076ab00000, 0x000000077a700000, 0x00000007c0000000)
  eden space 71168K, 0% used [0x000000076ab00000,0x000000076ab00000,0x000000076f080000)
  from space 1024K, 38% used [0x000000077a500000,0x000000077a561c70,0x000000077a600000)
  to   space 1024K, 0% used [0x000000077a600000,0x000000077a600000,0x000000077a700000)
 ParOldGen       total 98304K, used 76225K [0x00000006c0000000, 0x00000006c6000000, 0x000000076ab00000)
  object space 98304K, 77% used [0x00000006c0000000,0x00000006c4a706e0,0x00000006c6000000)
 Metaspace       used 35283K, capacity 36606K, committed 36696K, reserved 1081344K
  class space    used 4468K, capacity 4713K, committed 4736K, reserved 1048576K
}
Event: 3798.850 GC heap before
{Heap before GC invocations=551 (full 3):
 PSYoungGen      total 72192K, used 71559K [0x000000076ab00000, 0x000000077a700000, 0x00000007c0000000)
  eden space 71168K, 100% used [0x000000076ab00000,0x000000076f080000,0x000000076f080000)
  from space 1024K, 38% used [0x000000077a500000,0x000000077a561c70,0x000000077a600000)
  to   space 1024K, 0% used [0x000000077a600000,0x000000077a600000,0x000000077a700000)
 ParOldGen       total 98304K, used 76225K [0x00000006c0000000, 0x00000006c6000000, 0x000000076ab00000)
  object space 98304K, 77% used [0x00000006c0000000,0x00000006c4a706e0,0x00000006c6000000)
 Metaspace       used 35283K, capacity 36606K, committed 36696K, reserved 1081344K
  class space    used 4468K, capacity 4713K, committed 4736K, reserved 1048576K
Event: 3798.853 GC heap after
Heap after GC invocations=551 (full 3):
 PSYoungGen      total 70144K, used 398K [0x000000076ab00000, 0x000000077a680000, 0x00000007c0000000)
  eden space 69632K, 0% used [0x000000076ab00000,0x000000076ab00000,0x000000076ef00000)
  from space 512K, 77% used [0x000000077a600000,0x000000077a663820,0x000000077a680000)
  to   space 1024K, 0% used [0x000000077a480000,0x000000077a480000,0x000000077a580000)
 ParOldGen       total 98304K, used 76241K [0x00000006c0000000, 0x00000006c6000000, 0x000000076ab00000)
  object space 98304K, 77% used [0x00000006c0000000,0x00000006c4a746e0,0x00000006c6000000)
 Metaspace       used 35283K, capacity 36606K, committed 36696K, reserved 1081344K
  class space    used 4468K, capacity 4713K, committed 4736K, reserved 1048576K
}
Event: 3812.649 GC heap before
{Heap before GC invocations=552 (full 3):
 PSYoungGen      total 70144K, used 70030K [0x000000076ab00000, 0x000000077a680000, 0x00000007c0000000)
  eden space 69632K, 100% used [0x000000076ab00000,0x000000076ef00000,0x000000076ef00000)
  from space 512K, 77% used [0x000000077a600000,0x000000077a663820,0x000000077a680000)
  to   space 1024K, 0% used [0x000000077a480000,0x000000077a480000,0x000000077a580000)
 ParOldGen       total 98304K, used 76241K [0x00000006c0000000, 0x00000006c6000000, 0x000000076ab00000)
  object space 98304K, 77% used [0x00000006c0000000,0x00000006c4a746e0,0x00000006c6000000)
 Metaspace       used 35283K, capacity 36606K, committed 36696K, reserved 1081344K
  class space    used 4468K, capacity 4713K, committed 4736K, reserved 1048576K
Event: 3812.652 GC heap after
Heap after GC invocations=552 (full 3):
 PSYoungGen      total 69120K, used 362K [0x000000076ab00000, 0x000000077a680000, 0x00000007c0000000)
  eden space 68096K, 0% used [0x000000076ab00000,0x000000076ab00000,0x000000076ed80000)
  from space 1024K, 35% used [0x000000077a480000,0x000000077a4dab38,0x000000077a580000)
  to   space 1024K, 0% used [0x000000077a580000,0x000000077a580000,0x000000077a680000)
 ParOldGen       total 98304K, used 76249K [0x00000006c0000000, 0x00000006c6000000, 0x000000076ab00000)
  object space 98304K, 77% used [0x00000006c0000000,0x00000006c4a766e0,0x00000006c6000000)
 Metaspace       used 35283K, capacity 36606K, committed 36696K, reserved 1081344K
  class space    used 4468K, capacity 4713K, committed 4736K, reserved 1048576K
}
Event: 3828.967 GC heap before
{Heap before GC invocations=553 (full 3):
 PSYoungGen      total 69120K, used 68458K [0x000000076ab00000, 0x000000077a680000, 0x00000007c0000000)
  eden space 68096K, 100% used [0x000000076ab00000,0x000000076ed80000,0x000000076ed80000)
  from space 1024K, 35% used [0x000000077a480000,0x000000077a4dab38,0x000000077a580000)
  to   space 1024K, 0% used [0x000000077a580000,0x000000077a580000,0x000000077a680000)
 ParOldGen       total 98304K, used 76249K [0x00000006c0000000, 0x00000006c6000000, 0x000000076ab00000)
  object space 98304K, 77% used [0x00000006c0000000,0x00000006c4a766e0,0x00000006c6000000)
 Metaspace       used 35305K, capacity 36636K, committed 36696K, reserved 1081344K
  class space    used 4472K, capacity 4720K, committed 4736K, reserved 1048576K
Event: 3828.969 GC heap after
Heap after GC invocations=553 (full 3):
 PSYoungGen      total 67072K, used 459K [0x000000076ab00000, 0x000000077a600000, 0x00000007c0000000)
  eden space 66560K, 0% used [0x000000076ab00000,0x000000076ab00000,0x000000076ec00000)
  from space 512K, 89% used [0x000000077a580000,0x000000077a5f2e30,0x000000077a600000)
  to   space 1024K, 0% used [0x000000077a400000,0x000000077a400000,0x000000077a500000)
 ParOldGen       total 98304K, used 76257K [0x00000006c0000000, 0x00000006c6000000, 0x000000076ab00000)
  object space 98304K, 77% used [0x00000006c0000000,0x00000006c4a786e0,0x00000006c6000000)
 Metaspace       used 35305K, capacity 36636K, committed 36696K, reserved 1081344K
  class space    used 4472K, capacity 4720K, committed 4736K, reserved 1048576K
}

Deoptimization events (10 events):
Event: 3816.560 Thread 0x00007fb16f9c0000 Uncommon trap: reason=unreached action=reinterpret pc=0x000000010f06fdb0 method=javafx.scene.Node$MiscProperties.isMouseTransparent()Z @ 4
Event: 3817.333 Thread 0x00007fb16f9c0000 Uncommon trap: reason=predicate action=maybe_recompile pc=0x000000010f64dd84 method=java.util.ArrayList.remove(Ljava/lang/Object;)Z @ 49
Event: 3817.333 Thread 0x00007fb16f9c0000 Uncommon trap: reason=uninitialized action=reinterpret pc=0x000000010f03af38 method=com.sun.javafx.application.PlatformImpl.checkIdle()V @ 127
Event: 3817.335 Thread 0x00007fb16f89f800 Uncommon trap: reason=class_check action=maybe_recompile pc=0x000000010f96299c method=java.util.concurrent.ThreadPoolExecutor.getTask()Ljava/lang/Runnable; @ 154
Event: 3817.336 Thread 0x00007fb16f89f800 Uncommon trap: reason=class_check action=maybe_recompile pc=0x000000010ebf6224 method=java.util.concurrent.ThreadPoolExecutor.runWorker(Ljava/util/concurrent/ThreadPoolExecutor$Worker;)V @ 95
Event: 3817.336 Thread 0x00007fb16f89f800 Uncommon trap: reason=class_check action=maybe_recompile pc=0x000000010f95f9ec method=java.util.concurrent.Executors$RunnableAdapter.call()Ljava/lang/Object; @ 4
Event: 3817.347 Thread 0x00007fb16f9eb000 Uncommon trap: reason=predicate action=maybe_recompile pc=0x000000010f6c9d98 method=java.util.concurrent.CopyOnWriteArrayList.indexOf(Ljava/lang/Object;[Ljava/lang/Object;II)I @ 41
Event: 3817.348 Thread 0x00007fb16f9c0000 Uncommon trap: reason=class_check action=maybe_recompile pc=0x000000010e833314 method=java.util.ArrayList.<init>(Ljava/util/Collection;)V @ 6
Event: 3817.350 Thread 0x00007fb16f9c0000 Uncommon trap: reason=unreached action=reinterpret pc=0x000000010f7e3474 method=com.sun.javafx.application.PlatformImpl.checkIdle()V @ 13
Event: 3817.351 Thread 0x00007fb16f4ff000 Uncommon trap: reason=unreached action=reinterpret pc=0x000000010ea463f0 method=java.security.AccessControlContext.optimize()Ljava/security/AccessControlContext; @ 49

Internal exceptions (10 events):
Event: 1196.188 Thread 0x00007fb16ff6a000 Exception <a 'java/net/SocketException': Socket closed> (0x000000076d06f6f8) thrown at [/HUDSON3/workspace/8-2-build-macosx-x86_64/jdk8u25/1514/hotspot/src/share/vm/prims/jni.cpp, line 742]
Event: 1196.188 Thread 0x00007fb17606e000 Exception <a 'java/net/SocketException': Socket closed> (0x000000076d067060) thrown at [/HUDSON3/workspace/8-2-build-macosx-x86_64/jdk8u25/1514/hotspot/src/share/vm/prims/jni.cpp, line 742]
Event: 1196.188 Thread 0x00007fb17200f000 Exception <a 'java/net/SocketException': Socket closed> (0x000000076cfd27a0) thrown at [/HUDSON3/workspace/8-2-build-macosx-x86_64/jdk8u25/1514/hotspot/src/share/vm/prims/jni.cpp, line 742]
Event: 1196.188 Thread 0x00007fb16ff6a000 Exception <a 'java/security/PrivilegedActionException'> (0x000000076d070628) thrown at [/HUDSON3/workspace/8-2-build-macosx-x86_64/jdk8u25/1514/hotspot/src/share/vm/prims/jvm.cpp, line 1312]
Event: 1196.189 Thread 0x00007fb17200f000 Exception <a 'java/security/PrivilegedActionException'> (0x000000076cfd4128) thrown at [/HUDSON3/workspace/8-2-build-macosx-x86_64/jdk8u25/1514/hotspot/src/share/vm/prims/jvm.cpp, line 1312]
Event: 1196.192 Thread 0x00007fb16ff6a000 Exception <a 'java/security/PrivilegedActionException'> (0x000000076d075920) thrown at [/HUDSON3/workspace/8-2-build-macosx-x86_64/jdk8u25/1514/hotspot/src/share/vm/prims/jvm.cpp, line 1312]
Event: 1264.525 Thread 0x00007fb16f750000 Exception <a 'java/net/SocketException'> (0x000000076d020590) thrown at [/HUDSON3/workspace/8-2-build-macosx-x86_64/jdk8u25/1514/hotspot/src/share/vm/prims/jni.cpp, line 716]
Event: 1264.525 Thread 0x00007fb16f750000 Exception <a 'java/net/SocketException'> (0x000000076d022c58) thrown at [/HUDSON3/workspace/8-2-build-macosx-x86_64/jdk8u25/1514/hotspot/src/share/vm/prims/jni.cpp, line 716]
Event: 1264.526 Thread 0x00007fb16f750000 Exception <a 'java/net/SocketException': Socket closed> (0x000000076d025298) thrown at [/HUDSON3/workspace/8-2-build-macosx-x86_64/jdk8u25/1514/hotspot/src/share/vm/prims/jni.cpp, line 742]
Event: 3817.351 Thread 0x00007fb16f4ff000 Implicit null exception at 0x000000010ea4620f to 0x000000010ea463dd

Events (10 events):
Event: 3817.350 Thread 0x00007fb16f9c0000 DEOPT UNPACKING pc=0x000000010e715f69 sp=0x00007fff53e1ca78 mode 2
Event: 3817.350 Thread 0x00007fb16f9eb000 Thread exited: 0x00007fb16f9eb000
Event: 3817.351 Thread 0x00007fb16f9c0000 Thread exited: 0x00007fb16f9c0000
Event: 3817.351 Thread 0x00007fb16e82c800 Thread exited: 0x00007fb16e82c800
Event: 3817.351 Thread 0x00007fb16f4ff000 Thread added: 0x00007fb16f4ff000
Event: 3817.351 Thread 0x00007fb16f4ff000 Uncommon trap: trap_request=0xffffffad fr.pc=0x000000010ea463f0
Event: 3817.351 Thread 0x00007fb16f4ff000 DEOPT PACKING pc=0x000000010ea463f0 sp=0x000070000ec12720
Event: 3817.351 Thread 0x00007fb16f4ff000 DEOPT UNPACKING pc=0x000000010e715f69 sp=0x000070000ec126b8 mode 2
Event: 3828.967 Executing VM operation: ParallelGCFailedAllocation
Event: 3828.969 Executing VM operation: ParallelGCFailedAllocation done


Dynamic libraries:
0x000000003ee3e000 	/System/Library/Frameworks/Cocoa.framework/Versions/A/Cocoa
0x000000003ee3e000 	/System/Library/Frameworks/Security.framework/Versions/A/Security
0x000000003ee3e000 	/System/Library/Frameworks/ApplicationServices.framework/Versions/A/ApplicationServices
0x000000003ee3e000 	/usr/lib/libz.1.dylib
0x000000003ee3e000 	/usr/lib/libSystem.B.dylib
0x000000003ee3e000 	/usr/lib/libobjc.A.dylib
0x000000003ee3e000 	/System/Library/Frameworks/CoreFoundation.framework/Versions/A/CoreFoundation
0x000000003ee3e000 	/System/Library/Frameworks/Foundation.framework/Versions/C/Foundation
0x000000003ee3e000 	/System/Library/Frameworks/AppKit.framework/Versions/C/AppKit
0x000000003ee3e000 	/System/Library/Frameworks/CoreData.framework/Versions/A/CoreData
0x000000003ee3e000 	/System/Library/PrivateFrameworks/RemoteViewServices.framework/Versions/A/RemoteViewServices
0x000000003ee3e000 	/System/Library/PrivateFrameworks/UIFoundation.framework/Versions/A/UIFoundation
0x000000003ee3e000 	/System/Library/PrivateFrameworks/DFRFoundation.framework/Versions/A/DFRFoundation
0x000000003ee3e000 	/usr/lib/libenergytrace.dylib
0x000000003ee3e000 	/System/Library/PrivateFrameworks/SkyLight.framework/Versions/A/SkyLight
0x000000003ee3e000 	/System/Library/Frameworks/CoreGraphics.framework/Versions/A/CoreGraphics
0x000000003ee3e000 	/usr/lib/libScreenReader.dylib
0x000000003ee3e000 	/System/Library/Frameworks/Accelerate.framework/Versions/A/Accelerate
0x000000003ee3e000 	/System/Library/Frameworks/IOSurface.framework/Versions/A/IOSurface
0x000000003ee3e000 	/System/Library/Frameworks/AudioToolbox.framework/Versions/A/AudioToolbox
0x000000003ee3e000 	/System/Library/Frameworks/AudioUnit.framework/Versions/A/AudioUnit
0x000000003ee3e000 	/System/Library/PrivateFrameworks/DataDetectorsCore.framework/Versions/A/DataDetectorsCore
0x000000003ee3e000 	/System/Library/PrivateFrameworks/DesktopServicesPriv.framework/Versions/A/DesktopServicesPriv
0x000000003ee3e000 	/System/Library/Frameworks/Carbon.framework/Versions/A/Frameworks/HIToolbox.framework/Versions/A/HIToolbox
0x000000003ee3e000 	/usr/lib/libicucore.A.dylib
0x000000003ee3e000 	/System/Library/Frameworks/QuartzCore.framework/Versions/A/QuartzCore
0x000000003ee3e000 	/System/Library/Frameworks/Carbon.framework/Versions/A/Frameworks/SpeechRecognition.framework/Versions/A/SpeechRecognition
0x000000003ee3e000 	/usr/lib/libauto.dylib
0x000000003ee3e000 	/usr/lib/libxml2.2.dylib
0x000000003ee3e000 	/System/Library/PrivateFrameworks/CoreUI.framework/Versions/A/CoreUI
0x000000003ee3e000 	/System/Library/Frameworks/CoreAudio.framework/Versions/A/CoreAudio
0x000000003ee3e000 	/System/Library/Frameworks/DiskArbitration.framework/Versions/A/DiskArbitration
0x000000003ee3e000 	/usr/lib/liblangid.dylib
0x000000003ee3e000 	/System/Library/PrivateFrameworks/MultitouchSupport.framework/Versions/A/MultitouchSupport
0x000000003ee3e000 	/System/Library/Frameworks/IOKit.framework/Versions/A/IOKit
0x000000003ee3e000 	/usr/lib/libDiagnosticMessagesClient.dylib
0x000000003ee3e000 	/System/Library/Frameworks/CoreServices.framework/Versions/A/CoreServices
0x000000003ee3e000 	/System/Library/PrivateFrameworks/PerformanceAnalysis.framework/Versions/A/PerformanceAnalysis
0x000000003ee3e000 	/System/Library/PrivateFrameworks/GenerationalStorage.framework/Versions/A/GenerationalStorage
0x000000003ee3e000 	/System/Library/Frameworks/OpenGL.framework/Versions/A/OpenGL
0x000000003ee3e000 	/System/Library/Frameworks/CoreImage.framework/Versions/A/CoreImage
0x000000003ee3e000 	/System/Library/Frameworks/CoreText.framework/Versions/A/CoreText
0x000000003ee3e000 	/System/Library/Frameworks/ImageIO.framework/Versions/A/ImageIO
0x000000003ee3e000 	/System/Library/PrivateFrameworks/Backup.framework/Versions/A/Backup
0x000000003ee3e000 	/usr/lib/libarchive.2.dylib
0x000000003ee3e000 	/System/Library/Frameworks/CFNetwork.framework/Versions/A/CFNetwork
0x000000003ee3e000 	/System/Library/Frameworks/SystemConfiguration.framework/Versions/A/SystemConfiguration
0x000000003ee3e000 	/usr/lib/libCRFSuite.dylib
0x000000003ee3e000 	/usr/lib/libc++.1.dylib
0x000000003ee3e000 	/usr/lib/libc++abi.dylib
0x000000003ee3e000 	/usr/lib/system/libcache.dylib
0x000000003ee3e000 	/usr/lib/system/libcommonCrypto.dylib
0x000000003ee3e000 	/usr/lib/system/libcompiler_rt.dylib
0x000000003ee3e000 	/usr/lib/system/libcopyfile.dylib
0x000000003ee3e000 	/usr/lib/system/libcorecrypto.dylib
0x000000003ee3e000 	/usr/lib/system/libdispatch.dylib
0x000000003ee3e000 	/usr/lib/system/libdyld.dylib
0x000000003ee3e000 	/usr/lib/system/libkeymgr.dylib
0x000000003ee3e000 	/usr/lib/system/liblaunch.dylib
0x000000003ee3e000 	/usr/lib/system/libmacho.dylib
0x000000003ee3e000 	/usr/lib/system/libquarantine.dylib
0x000000003ee3e000 	/usr/lib/system/libremovefile.dylib
0x000000003ee3e000 	/usr/lib/system/libsystem_asl.dylib
0x000000003ee3e000 	/usr/lib/system/libsystem_blocks.dylib
0x000000003ee3e000 	/usr/lib/system/libsystem_c.dylib
0x000000003ee3e000 	/usr/lib/system/libsystem_configuration.dylib
0x000000003ee3e000 	/usr/lib/system/libsystem_coreservices.dylib
0x000000003ee3e000 	/usr/lib/system/libsystem_coretls.dylib
0x000000003ee3e000 	/usr/lib/system/libsystem_dnssd.dylib
0x000000003ee3e000 	/usr/lib/system/libsystem_info.dylib
0x000000003ee3e000 	/usr/lib/system/libsystem_kernel.dylib
0x000000003ee3e000 	/usr/lib/system/libsystem_m.dylib
0x000000003ee3e000 	/usr/lib/system/libsystem_malloc.dylib
0x000000003ee3e000 	/usr/lib/system/libsystem_network.dylib
0x000000003ee3e000 	/usr/lib/system/libsystem_networkextension.dylib
0x000000003ee3e000 	/usr/lib/system/libsystem_notify.dylib
0x000000003ee3e000 	/usr/lib/system/libsystem_platform.dylib
0x000000003ee3e000 	/usr/lib/system/libsystem_pthread.dylib
0x000000003ee3e000 	/usr/lib/system/libsystem_sandbox.dylib
0x000000003ee3e000 	/usr/lib/system/libsystem_secinit.dylib
0x000000003ee3e000 	/usr/lib/system/libsystem_symptoms.dylib
0x000000003ee3e000 	/usr/lib/system/libsystem_trace.dylib
0x000000003ee3e000 	/usr/lib/system/libunwind.dylib
0x000000003ee3e000 	/usr/lib/system/libxpc.dylib
0x000000003ee3e000 	/usr/lib/libbsm.0.dylib
0x000000003ee3e000 	/usr/lib/system/libkxld.dylib
0x000000003ee3e000 	/usr/lib/libcoretls.dylib
0x000000003ee3e000 	/usr/lib/libcoretls_cfhelpers.dylib
0x000000003ee3e000 	/usr/lib/libOpenScriptingUtil.dylib
0x000000003ee3e000 	/usr/lib/libpam.2.dylib
0x000000003ee3e000 	/usr/lib/libsqlite3.dylib
0x000000003ee3e000 	/usr/lib/libxar.1.dylib
0x000000003ee3e000 	/usr/lib/libbz2.1.0.dylib
0x000000003ee3e000 	/usr/lib/liblzma.5.dylib
0x000000003ee3e000 	/usr/lib/libnetwork.dylib
0x000000003ee3e000 	/usr/lib/libpcap.A.dylib
0x000000003ee3e000 	/System/Library/Frameworks/CoreServices.framework/Versions/A/Frameworks/FSEvents.framework/Versions/A/FSEvents
0x000000003ee3e000 	/System/Library/Frameworks/CoreServices.framework/Versions/A/Frameworks/CarbonCore.framework/Versions/A/CarbonCore
0x000000003ee3e000 	/System/Library/Frameworks/CoreServices.framework/Versions/A/Frameworks/Metadata.framework/Versions/A/Metadata
0x000000003ee3e000 	/System/Library/Frameworks/CoreServices.framework/Versions/A/Frameworks/OSServices.framework/Versions/A/OSServices
0x000000003ee3e000 	/System/Library/Frameworks/CoreServices.framework/Versions/A/Frameworks/SearchKit.framework/Versions/A/SearchKit
0x000000003ee3e000 	/System/Library/Frameworks/CoreServices.framework/Versions/A/Frameworks/AE.framework/Versions/A/AE
0x000000003ee3e000 	/System/Library/Frameworks/CoreServices.framework/Versions/A/Frameworks/LaunchServices.framework/Versions/A/LaunchServices
0x000000003ee3e000 	/System/Library/Frameworks/CoreServices.framework/Versions/A/Frameworks/DictionaryServices.framework/Versions/A/DictionaryServices
0x000000003ee3e000 	/System/Library/Frameworks/CoreServices.framework/Versions/A/Frameworks/SharedFileList.framework/Versions/A/SharedFileList
0x000000003ee3e000 	/System/Library/Frameworks/NetFS.framework/Versions/A/NetFS
0x000000003ee3e000 	/System/Library/PrivateFrameworks/NetAuth.framework/Versions/A/NetAuth
0x000000003ee3e000 	/System/Library/PrivateFrameworks/login.framework/Versions/A/Frameworks/loginsupport.framework/Versions/A/loginsupport
0x000000003ee3e000 	/System/Library/PrivateFrameworks/TCC.framework/Versions/A/TCC
0x000000003ee3e000 	/usr/lib/libmecabra.dylib
0x000000003ee3e000 	/System/Library/Frameworks/ApplicationServices.framework/Versions/A/Frameworks/ATS.framework/Versions/A/ATS
0x000000003ee3e000 	/System/Library/Frameworks/ApplicationServices.framework/Versions/A/Frameworks/ColorSync.framework/Versions/A/ColorSync
0x000000003ee3e000 	/System/Library/Frameworks/ApplicationServices.framework/Versions/A/Frameworks/HIServices.framework/Versions/A/HIServices
0x000000003ee3e000 	/System/Library/Frameworks/ApplicationServices.framework/Versions/A/Frameworks/LangAnalysis.framework/Versions/A/LangAnalysis
0x000000003ee3e000 	/System/Library/Frameworks/ApplicationServices.framework/Versions/A/Frameworks/PrintCore.framework/Versions/A/PrintCore
0x000000003ee3e000 	/System/Library/Frameworks/ApplicationServices.framework/Versions/A/Frameworks/QD.framework/Versions/A/QD
0x000000003ee3e000 	/System/Library/Frameworks/ApplicationServices.framework/Versions/A/Frameworks/SpeechSynthesis.framework/Versions/A/SpeechSynthesis
0x000000003ee3e000 	/System/Library/Frameworks/Accelerate.framework/Versions/A/Frameworks/vImage.framework/Versions/A/vImage
0x000000003ee3e000 	/System/Library/Frameworks/Accelerate.framework/Versions/A/Frameworks/vecLib.framework/Versions/A/vecLib
0x000000003ee3e000 	/System/Library/Frameworks/Accelerate.framework/Versions/A/Frameworks/vecLib.framework/Versions/A/libvDSP.dylib
0x000000003ee3e000 	/System/Library/Frameworks/Accelerate.framework/Versions/A/Frameworks/vecLib.framework/Versions/A/libBNNS.dylib
0x000000003ee3e000 	/System/Library/Frameworks/Accelerate.framework/Versions/A/Frameworks/vecLib.framework/Versions/A/libQuadrature.dylib
0x000000003ee3e000 	/System/Library/Frameworks/Accelerate.framework/Versions/A/Frameworks/vecLib.framework/Versions/A/libvMisc.dylib
0x000000003ee3e000 	/System/Library/Frameworks/Accelerate.framework/Versions/A/Frameworks/vecLib.framework/Versions/A/libLAPACK.dylib
0x000000003ee3e000 	/System/Library/Frameworks/Accelerate.framework/Versions/A/Frameworks/vecLib.framework/Versions/A/libBLAS.dylib
0x000000003ee3e000 	/System/Library/Frameworks/Accelerate.framework/Versions/A/Frameworks/vecLib.framework/Versions/A/libLinearAlgebra.dylib
0x000000003ee3e000 	/System/Library/Frameworks/Accelerate.framework/Versions/A/Frameworks/vecLib.framework/Versions/A/libSparseBLAS.dylib
0x000000003ee3e000 	/System/Library/Frameworks/ApplicationServices.framework/Versions/A/Frameworks/ATS.framework/Versions/A/Resources/libFontParser.dylib
0x000000003ee3e000 	/System/Library/Frameworks/ApplicationServices.framework/Versions/A/Frameworks/ATS.framework/Versions/A/Resources/libFontRegistry.dylib
0x000000003ee3e000 	/System/Library/Frameworks/ImageIO.framework/Versions/A/Resources/libJPEG.dylib
0x000000003ee3e000 	/System/Library/Frameworks/ImageIO.framework/Versions/A/Resources/libTIFF.dylib
0x000000003ee3e000 	/System/Library/Frameworks/ImageIO.framework/Versions/A/Resources/libPng.dylib
0x000000003ee3e000 	/System/Library/Frameworks/ImageIO.framework/Versions/A/Resources/libGIF.dylib
0x000000003ee3e000 	/System/Library/Frameworks/ImageIO.framework/Versions/A/Resources/libJP2.dylib
0x000000003ee3e000 	/System/Library/Frameworks/ImageIO.framework/Versions/A/Resources/libRadiance.dylib
0x000000003ee3e000 	/usr/lib/libcompression.dylib
0x000000003ee3e000 	/System/Library/PrivateFrameworks/AppleJPEG.framework/Versions/A/AppleJPEG
0x000000003ee3e000 	/usr/lib/libcups.2.dylib
0x000000003ee3e000 	/System/Library/Frameworks/Kerberos.framework/Versions/A/Kerberos
0x000000003ee3e000 	/System/Library/Frameworks/GSS.framework/Versions/A/GSS
0x000000003ee3e000 	/usr/lib/libresolv.9.dylib
0x000000003ee3e000 	/usr/lib/libiconv.2.dylib
0x000000003ee3e000 	/System/Library/PrivateFrameworks/Heimdal.framework/Versions/A/Heimdal
0x000000003ee3e000 	/usr/lib/libheimdal-asn1.dylib
0x000000003ee3e000 	/System/Library/Frameworks/OpenDirectory.framework/Versions/A/OpenDirectory
0x000000003ee3e000 	/System/Library/PrivateFrameworks/CommonAuth.framework/Versions/A/CommonAuth
0x000000003ee3e000 	/System/Library/Frameworks/OpenDirectory.framework/Versions/A/Frameworks/CFOpenDirectory.framework/Versions/A/CFOpenDirectory
0x000000003ee3e000 	/System/Library/Frameworks/SecurityFoundation.framework/Versions/A/SecurityFoundation
0x000000003ee3e000 	/System/Library/PrivateFrameworks/LanguageModeling.framework/Versions/A/LanguageModeling
0x000000003ee3e000 	/usr/lib/libmarisa.dylib
0x000000003ee3e000 	/usr/lib/libChineseTokenizer.dylib
0x000000003ee3e000 	/usr/lib/libcmph.dylib
0x000000003ee3e000 	/System/Library/PrivateFrameworks/CoreEmoji.framework/Versions/A/CoreEmoji
0x000000003ee3e000 	/System/Library/Frameworks/ServiceManagement.framework/Versions/A/ServiceManagement
0x000000003ee3e000 	/usr/lib/libxslt.1.dylib
0x000000003ee3e000 	/System/Library/Frameworks/Carbon.framework/Versions/A/Frameworks/Ink.framework/Versions/A/Ink
0x000000003ee3e000 	/System/Library/PrivateFrameworks/TextureIO.framework/Versions/A/TextureIO
0x000000003ee3e000 	/System/Library/Frameworks/Metal.framework/Versions/A/Metal
0x000000003ee3e000 	/usr/lib/libate.dylib
0x000000003ee3e000 	/System/Library/PrivateFrameworks/GPUCompiler.framework/libmetal_timestamp.dylib
0x000000003ee3e000 	/System/Library/Frameworks/OpenGL.framework/Versions/A/Libraries/libCoreFSCache.dylib
0x000000003ee3e000 	/System/Library/PrivateFrameworks/IOAccelerator.framework/Versions/A/IOAccelerator
0x000000003ee3e000 	/System/Library/Frameworks/CoreVideo.framework/Versions/A/CoreVideo
0x000000003ee3e000 	/usr/lib/libFosl_dynamic.dylib
0x000000003ee3e000 	/System/Library/PrivateFrameworks/MetalPerformanceShaders.framework/Versions/A/MetalPerformanceShaders
0x000000003ee3e000 	/System/Library/PrivateFrameworks/FaceCore.framework/Versions/A/FaceCore
0x000000003ee3e000 	/System/Library/Frameworks/OpenCL.framework/Versions/A/OpenCL
0x000000003ee3e000 	/System/Library/Frameworks/OpenGL.framework/Versions/A/Libraries/libGLU.dylib
0x000000003ee3e000 	/System/Library/Frameworks/OpenGL.framework/Versions/A/Libraries/libGFXShared.dylib
0x000000003ee3e000 	/System/Library/Frameworks/OpenGL.framework/Versions/A/Libraries/libGL.dylib
0x000000003ee3e000 	/System/Library/Frameworks/OpenGL.framework/Versions/A/Libraries/libGLImage.dylib
0x000000003ee3e000 	/System/Library/Frameworks/OpenGL.framework/Versions/A/Libraries/libCVMSPluginSupport.dylib
0x000000003ee3e000 	/System/Library/Frameworks/OpenGL.framework/Versions/A/Libraries/libCoreVMClient.dylib
0x000000003ee3e000 	/System/Library/PrivateFrameworks/CrashReporterSupport.framework/Versions/A/CrashReporterSupport
0x000000003ee3e000 	/System/Library/PrivateFrameworks/Sharing.framework/Versions/A/Sharing
0x000000003ee3e000 	/System/Library/PrivateFrameworks/IconServices.framework/Versions/A/IconServices
0x000000003ee3e000 	/System/Library/PrivateFrameworks/ProtocolBuffer.framework/Versions/A/ProtocolBuffer
0x000000003ee3e000 	/System/Library/PrivateFrameworks/Apple80211.framework/Versions/A/Apple80211
0x000000003ee3e000 	/System/Library/Frameworks/CoreWLAN.framework/Versions/A/CoreWLAN
0x000000003ee3e000 	/System/Library/PrivateFrameworks/CoreUtils.framework/Versions/A/CoreUtils
0x000000003ee3e000 	/System/Library/Frameworks/IOBluetooth.framework/Versions/A/IOBluetooth
0x000000003ee3e000 	/System/Library/PrivateFrameworks/CoreWiFi.framework/Versions/A/CoreWiFi
0x000000003ee3e000 	/System/Library/Frameworks/CoreBluetooth.framework/Versions/A/CoreBluetooth
0x000000003ee3e000 	/System/Library/Frameworks/CoreDisplay.framework/Versions/A/CoreDisplay
0x000000003ee3e000 	/System/Library/PrivateFrameworks/IOPresentment.framework/Versions/A/IOPresentment
0x000000003ee3e000 	/System/Library/PrivateFrameworks/DSExternalDisplay.framework/Versions/A/DSExternalDisplay
0x000000003ee3e000 	/System/Library/PrivateFrameworks/DebugSymbols.framework/Versions/A/DebugSymbols
0x000000003ee3e000 	/System/Library/PrivateFrameworks/CoreSymbolication.framework/Versions/A/CoreSymbolication
0x000000003ee3e000 	/System/Library/PrivateFrameworks/Symbolication.framework/Versions/A/Symbolication
0x000000003ee3e000 	/System/Library/PrivateFrameworks/AppleFSCompression.framework/Versions/A/AppleFSCompression
0x000000003ee3e000 	/System/Library/PrivateFrameworks/SpeechRecognitionCore.framework/Versions/A/SpeechRecognitionCore
0x000000003ee3e000 	/System/Library/PrivateFrameworks/ChunkingLibrary.framework/Versions/A/ChunkingLibrary
0x000000010c800000 	/Library/Java/JavaVirtualMachines/jdk1.8.0_25.jdk/Contents/Home/jre/lib/server/libjvm.dylib
0x000000003ee3e000 	/usr/lib/libstdc++.6.dylib
0x000000010be53000 	/Library/Java/JavaVirtualMachines/jdk1.8.0_25.jdk/Contents/Home/jre/lib/libverify.dylib
0x000000010be61000 	/Library/Java/JavaVirtualMachines/jdk1.8.0_25.jdk/Contents/Home/jre/lib/libjava.dylib
0x000000010be9f000 	/Library/Java/JavaVirtualMachines/jdk1.8.0_25.jdk/Contents/Home/jre/lib/libzip.dylib
0x0000000127aa7000 	/System/Library/Frameworks/JavaVM.framework/Frameworks/JavaRuntimeSupport.framework/JavaRuntimeSupport
0x000000010e66f000 	/System/Library/Frameworks/JavaVM.framework/Versions/A/Frameworks/JavaNativeFoundation.framework/Versions/A/JavaNativeFoundation
0x000000010bff2000 	/System/Library/Frameworks/JavaVM.framework/Versions/A/JavaVM
0x000000003ee3e000 	/System/Library/Frameworks/Carbon.framework/Versions/A/Carbon
0x0000000127ac1000 	/System/Library/PrivateFrameworks/JavaLaunching.framework/Versions/A/JavaLaunching
0x000000003ee3e000 	/System/Library/Frameworks/Carbon.framework/Versions/A/Frameworks/CommonPanels.framework/Versions/A/CommonPanels
0x000000003ee3e000 	/System/Library/Frameworks/Carbon.framework/Versions/A/Frameworks/Help.framework/Versions/A/Help
0x000000003ee3e000 	/System/Library/Frameworks/Carbon.framework/Versions/A/Frameworks/ImageCapture.framework/Versions/A/ImageCapture
0x000000003ee3e000 	/System/Library/Frameworks/Carbon.framework/Versions/A/Frameworks/OpenScripting.framework/Versions/A/OpenScripting
0x000000003ee3e000 	/System/Library/Frameworks/Carbon.framework/Versions/A/Frameworks/Print.framework/Versions/A/Print
0x000000003ee3e000 	/System/Library/Frameworks/Carbon.framework/Versions/A/Frameworks/SecurityHI.framework/Versions/A/SecurityHI
0x0000000129465000 	/Library/Java/JavaVirtualMachines/jdk1.8.0_25.jdk/Contents/Home/jre/lib/libprism_es2.dylib
0x00000001294be000 	/System/Library/Frameworks/OpenGL.framework/Resources/GLEngine.bundle/GLEngine
0x000000003ee3e000 	/System/Library/Frameworks/OpenGL.framework/Versions/A/Libraries/libGLProgrammability.dylib
0x00000001296a3000 	/System/Library/Extensions/AppleIntelHD5000GraphicsGLDriver.bundle/Contents/MacOS/AppleIntelHD5000GraphicsGLDriver
0x000000003ee3e000 	/System/Library/PrivateFrameworks/GPUSupport.framework/Versions/A/Libraries/libGPUSupportMercury.dylib
0x0000000129e16000 	/System/Library/Frameworks/OpenGL.framework/Resources//GLRendererFloat.bundle/GLRendererFloat
0x000000003ee3e000 	/System/Library/Frameworks/OpenCL.framework/Versions/A/Libraries/libcldcpuengine.dylib
0x000000003ee3e000 	/usr/lib/libcrypto.0.9.8.dylib
0x000000003ee3e000 	/System/Library/PrivateFrameworks/TrustEvaluationAgent.framework/Versions/A/TrustEvaluationAgent
0x000000012a279000 	/Library/Java/JavaVirtualMachines/jdk1.8.0_25.jdk/Contents/Home/jre/lib/libglass.dylib
0x000000003ee3e000 	/System/Library/PrivateFrameworks/CoreServicesInternal.framework/Versions/A/CoreServicesInternal
0x000000003ee3e000 	/System/Library/CoreServices/RawCamera.bundle/Contents/MacOS/RawCamera
0x000000003ee3e000 	/System/Library/Frameworks/Accelerate.framework/Versions/A/Frameworks/vImage.framework/Versions/A/Libraries/libCGInterfaces.dylib
0x000000003ee3e000 	/System/Library/PrivateFrameworks/FamilyControls.framework/Versions/A/FamilyControls
0x000000003ee3e000 	/System/Library/PrivateFrameworks/CommerceKit.framework/Versions/A/Frameworks/CommerceCore.framework/Versions/A/CommerceCore
0x000000003ee3e000 	/System/Library/PrivateFrameworks/SystemAdministration.framework/Versions/A/SystemAdministration
0x000000003ee3e000 	/System/Library/PrivateFrameworks/AppContainer.framework/Versions/A/AppContainer
0x000000003ee3e000 	/System/Library/PrivateFrameworks/SecCodeWrapper.framework/Versions/A/SecCodeWrapper
0x000000003ee3e000 	/System/Library/Frameworks/DirectoryService.framework/Versions/A/DirectoryService
0x000000003ee3e000 	/System/Library/PrivateFrameworks/DiskImages.framework/Versions/A/DiskImages
0x000000003ee3e000 	/System/Library/PrivateFrameworks/LoginUIKit.framework/Versions/A/Frameworks/LoginUICore.framework/Versions/A/LoginUICore
0x000000003ee3e000 	/usr/lib/libCoreStorage.dylib
0x000000003ee3e000 	/usr/lib/libcsfde.dylib
0x000000003ee3e000 	/usr/lib/libodfde.dylib
0x000000003ee3e000 	/System/Library/Frameworks/DiscRecording.framework/Versions/A/DiscRecording
0x000000003ee3e000 	/usr/lib/libcurl.4.dylib
0x000000003ee3e000 	/System/Library/PrivateFrameworks/MediaKit.framework/Versions/A/MediaKit
0x000000003ee3e000 	/System/Library/PrivateFrameworks/ProtectedCloudStorage.framework/Versions/A/ProtectedCloudStorage
0x000000003ee3e000 	/System/Library/PrivateFrameworks/EFILogin.framework/Versions/A/EFILogin
0x000000003ee3e000 	/usr/lib/libutil.dylib
0x000000003ee3e000 	/System/Library/Frameworks/LDAP.framework/Versions/A/LDAP
0x000000003ee3e000 	/usr/lib/libsasl2.2.dylib
0x000000003ee3e000 	/System/Library/PrivateFrameworks/CoreDaemon.framework/Versions/B/CoreDaemon
0x000000003ee3e000 	/System/Library/PrivateFrameworks/AppleSRP.framework/Versions/A/AppleSRP
0x000000003ee3e000 	/System/Library/PrivateFrameworks/APFS.framework/Versions/A/APFS
0x000000012e36f000 	/Library/Java/JavaVirtualMachines/jdk1.8.0_25.jdk/Contents/Home/jre/lib/libjavafx_font.dylib
0x000000003ee3e000 	/System/Library/Frameworks/ApplicationServices.framework/Versions/A/Frameworks/ATS.framework/Versions/A/Resources/libTrueTypeScaler.dylib
0x000000012f779000 	/System/Library/Extensions/AppleIntelHD5000GraphicsMTLDriver.bundle/Contents/MacOS/AppleIntelHD5000GraphicsMTLDriver
0x000000003ee3e000 	/System/Library/PrivateFrameworks/ViewBridge.framework/Versions/A/ViewBridge
0x000000003ee3e000 	/System/Library/PrivateFrameworks/XPCService.framework/Versions/A/XPCService
0x000000003ee3e000 	/System/Library/PrivateFrameworks/AppSandbox.framework/Versions/A/AppSandbox
0x000000003ee3e000 	/usr/lib/libsandbox.1.dylib
0x000000003ee3e000 	/usr/lib/libMatch.1.dylib
0x000000012e047000 	/Library/Java/JavaVirtualMachines/jdk1.8.0_25.jdk/Contents/Home/jre/lib/libprism_common.dylib
0x000000003ee3e000 	/System/Library/PrivateFrameworks/FinderKit.framework/Versions/A/FinderKit
0x000000003ee3e000 	/System/Library/Frameworks/Quartz.framework/Versions/A/Frameworks/QuickLookUI.framework/Versions/A/QuickLookUI
0x000000003ee3e000 	/System/Library/Frameworks/Quartz.framework/Versions/A/Frameworks/ImageKit.framework/Versions/A/ImageKit
0x000000003ee3e000 	/System/Library/PrivateFrameworks/Bom.framework/Versions/A/Bom
0x000000003ee3e000 	/System/Library/Frameworks/QuickLook.framework/Versions/A/QuickLook
0x000000003ee3e000 	/System/Library/PrivateFrameworks/Suggestions.framework/Versions/A/Suggestions
0x000000003ee3e000 	/System/Library/PrivateFrameworks/AppleSystemInfo.framework/Versions/A/AppleSystemInfo
0x000000003ee3e000 	/System/Library/Frameworks/ImageCaptureCore.framework/Versions/A/ImageCaptureCore
0x000000003ee3e000 	/System/Library/Frameworks/SafariServices.framework/Versions/A/SafariServices
0x000000003ee3e000 	/System/Library/Frameworks/QTKit.framework/Versions/A/QTKit
0x000000003ee3e000 	/System/Library/PrivateFrameworks/MobileKeyBag.framework/Versions/A/MobileKeyBag
0x000000003ee3e000 	/System/Library/Frameworks/AVFoundation.framework/Versions/A/AVFoundation
0x000000003ee3e000 	/System/Library/Frameworks/CoreMedia.framework/Versions/A/CoreMedia
0x000000003ee3e000 	/System/Library/Frameworks/MediaToolbox.framework/Versions/A/MediaToolbox
0x000000003ee3e000 	/System/Library/Frameworks/VideoToolbox.framework/Versions/A/VideoToolbox
0x000000003ee3e000 	/System/Library/PrivateFrameworks/CoreMediaAuthoring.framework/Versions/A/CoreMediaAuthoring
0x000000003ee3e000 	/System/Library/Frameworks/CoreMediaIO.framework/Versions/A/CoreMediaIO
0x000000003ee3e000 	/System/Library/Frameworks/AVFoundation.framework/Versions/A/Frameworks/AVFAudio.framework/Versions/A/AVFAudio
0x000000003ee3e000 	/System/Library/PrivateFrameworks/IntlPreferences.framework/Versions/A/IntlPreferences
0x000000003ee3e000 	/usr/lib/libspindump.dylib
0x000000003ee3e000 	/usr/lib/libdscsym.dylib
0x000000003ee3e000 	/System/Library/PrivateFrameworks/CoreAVCHD.framework/Versions/A/CoreAVCHD
0x000000003ee3e000 	/System/Library/Frameworks/MediaAccessibility.framework/Versions/A/MediaAccessibility
0x000000003ee3e000 	/System/Library/PrivateFrameworks/Mangrove.framework/Versions/A/Mangrove
0x000000003ee3e000 	/System/Library/PrivateFrameworks/CoreAUC.framework/Versions/A/CoreAUC
0x000000003ee3e000 	/System/Library/PrivateFrameworks/AppleVA.framework/Versions/A/AppleVA
0x000000003ee3e000 	/System/Library/PrivateFrameworks/QuickLookThumbnailing.framework/Versions/A/QuickLookThumbnailing
0x000000003ee3e000 	/System/Library/PrivateFrameworks/DisplayServices.framework/Versions/A/DisplayServices
0x000000003ee3e000 	/System/Library/Frameworks/Quartz.framework/Versions/A/Frameworks/PDFKit.framework/Versions/A/PDFKit
0x000000003ee3e000 	/System/Library/Frameworks/Quartz.framework/Versions/A/Frameworks/QuartzComposer.framework/Versions/A/QuartzComposer
0x000000003ee3e000 	/System/Library/Frameworks/Quartz.framework/Versions/A/Frameworks/QuartzFilters.framework/Versions/A/QuartzFilters
0x000000003ee3e000 	/System/Library/PrivateFrameworks/CorePDF.framework/Versions/A/CorePDF
0x000000003ee3e000 	/System/Library/Frameworks/JavaScriptCore.framework/Versions/A/JavaScriptCore
0x000000003ee3e000 	/System/Library/Frameworks/AddressBook.framework/Versions/A/AddressBook
0x000000003ee3e000 	/System/Library/PrivateFrameworks/ContactsPersistence.framework/Versions/A/ContactsPersistence
0x000000003ee3e000 	/System/Library/PrivateFrameworks/CalendarAgentLink.framework/Versions/A/CalendarAgentLink
0x000000003ee3e000 	/System/Library/PrivateFrameworks/ContactsFoundation.framework/Versions/A/ContactsFoundation
0x000000003ee3e000 	/System/Library/PrivateFrameworks/vCard.framework/Versions/A/vCard
0x000000003ee3e000 	/System/Library/PrivateFrameworks/ToneLibrary.framework/Versions/A/ToneLibrary
0x000000003ee3e000 	/System/Library/PrivateFrameworks/ToneKit.framework/Versions/A/ToneKit
0x000000003ee3e000 	/System/Library/PrivateFrameworks/ApplePushService.framework/Versions/A/ApplePushService
0x000000003ee3e000 	/System/Library/Frameworks/SecurityInterface.framework/Versions/A/SecurityInterface
0x000000003ee3e000 	/System/Library/PrivateFrameworks/PhoneNumbers.framework/Versions/A/PhoneNumbers
0x000000003ee3e000 	/System/Library/Frameworks/Quartz.framework/Versions/A/Quartz
0x000000003ee3e000 	/System/Library/Frameworks/Accounts.framework/Versions/A/Accounts
0x000000003ee3e000 	/System/Library/PrivateFrameworks/OAuth.framework/Versions/A/OAuth
0x000000003ee3e000 	/System/Library/PrivateFrameworks/CacheDelete.framework/Versions/A/CacheDelete
0x000000003ee3e000 	/System/Library/PrivateFrameworks/CloudDocs.framework/Versions/A/CloudDocs
0x000000003ee3e000 	/System/Library/Frameworks/CloudKit.framework/Versions/A/CloudKit
0x000000003ee3e000 	/System/Library/PrivateFrameworks/MMCS.framework/Versions/A/MMCS
0x000000003ee3e000 	/System/Library/Frameworks/CoreLocation.framework/Versions/A/CoreLocation
0x000000003ee3e000 	/System/Library/PrivateFrameworks/AssetCacheServices.framework/Versions/A/AssetCacheServices
0x000000003ee3e000 	/System/Library/PrivateFrameworks/GeoServices.framework/Versions/A/GeoServices
0x000000003ee3e000 	/System/Library/PrivateFrameworks/PlugInKit.framework/Versions/A/PlugInKit
0x0000000134853000 	/System/Library/Frameworks/Security.framework/PlugIns/csparser.bundle/Contents/MacOS/csparser
0x000000012b16a000 	/Library/Java/JavaVirtualMachines/jdk1.8.0_25.jdk/Contents/Home/jre/lib/libnet.dylib

VM Arguments:
jvm_args: -Dfile.encoding=UTF-8 
java_command: main.DataProcessing
java_class_path (initial): /Users/Tobias/git/nlpwikinetgen/nlpwikinetgen/target/classes:/Users/Tobias/Downloads/mysql-connector-java-5.1.40/mysql-connector-java-5.1.40-bin.jar:/Users/Tobias/.m2/repository/de/tudarmstadt/ukp/dkpro/core/de.tudarmstadt.ukp.dkpro.core.languagetool-asl/1.8.0/de.tudarmstadt.ukp.dkpro.core.languagetool-asl-1.8.0.jar:/Users/Tobias/.m2/repository/org/apache/uima/uimaj-core/2.6.0/uimaj-core-2.6.0.jar:/Users/Tobias/.m2/repository/org/apache/uima/uimafit-core/2.1.0/uimafit-core-2.1.0.jar:/Users/Tobias/.m2/repository/commons-logging/commons-logging-api/1.1/commons-logging-api-1.1.jar:/Users/Tobias/.m2/repository/org/springframework/spring-core/3.1.2.RELEASE/spring-core-3.1.2.RELEASE.jar:/Users/Tobias/.m2/repository/org/springframework/spring-asm/3.1.2.RELEASE/spring-asm-3.1.2.RELEASE.jar:/Users/Tobias/.m2/repository/org/springframework/spring-context/3.1.2.RELEASE/spring-context-3.1.2.RELEASE.jar:/Users/Tobias/.m2/repository/org/springframework/spring-aop/3.1.2.RELEASE/spring-aop-3.1.2.RELEASE.jar:/Users/Tobias/.m2/repository/aopalliance/aopalliance/1.0/aopalliance-1.0.jar:/Users/Tobias/.m2/repository/org/springframework/spring-expression/3.1.2.RELEASE/spring-expression-3.1.2.RELEASE.jar:/Users/Tobias/.m2/repository/org/springframework/spring-beans/3.1.2.RELEASE/spring-beans-3.1.2.RELEASE.jar:/Users/Tobias/.m2/repository/de/tudarmstadt/ukp/dkpro/core/de.tudarmstadt.ukp.dkpro.core.api.anomaly-asl/1.7.0/de.tudarmstadt.ukp.dkpro.core.api.anomaly-asl-1.7.0.jar:/Users/Tobias/.m2/repository/de/tudarmstadt/ukp/dkpro/core/de.tudarmstadt.ukp.dkpro.core.api.resources-asl/1.7.0/de.tudarmstadt.ukp.dkpro.core.api.resources-asl-1.7.0.jar:/Users/Tobias/.m2/repository/org/apache/commons/commons-compress/1.7/commons-compress-1.7.jar:/Users/Tobias/.m2/repository/org/tukaani/xz/1.4/xz-1.4.jar:/Users/Tobias/.m2/repository/org/apache/maven/maven-model/3.0.5/maven-model-3.0.5.jar:/Users/Tobias/.m2/repository/org/codehaus/plexus/plexus-utils/2.0.6/plexus-utils-2.0.6
Launcher Type: SUN_STANDARD

Environment Variables:
PATH=/usr/bin:/bin:/usr/sbin:/sbin
SHELL=/bin/bash
DISPLAY=/private/tmp/com.apple.launchd.vuQ7IxHLKe/org.macosforge.xquartz:0

Signal Handlers:
SIGSEGV: [libjvm.dylib+0x579dc7], sa_mask[0]=11111111011111110111111111111111, sa_flags=SA_ONSTACK|SA_RESTART|SA_SIGINFO
SIGBUS: [libjvm.dylib+0x579dc7], sa_mask[0]=11111111011111110111111111111111, sa_flags=SA_RESTART|SA_SIGINFO
SIGFPE: [libjvm.dylib+0x45b030], sa_mask[0]=11111111011111110111111111111111, sa_flags=SA_RESTART|SA_SIGINFO
SIGPIPE: [libjvm.dylib+0x45b030], sa_mask[0]=11111111011111110111111111111111, sa_flags=SA_RESTART|SA_SIGINFO
SIGXFSZ: [libjvm.dylib+0x45b030], sa_mask[0]=11111111011111110111111111111111, sa_flags=SA_RESTART|SA_SIGINFO
SIGILL: [libjvm.dylib+0x45b030], sa_mask[0]=11111111011111110111111111111111, sa_flags=SA_RESTART|SA_SIGINFO
SIGUSR1: SIG_DFL, sa_mask[0]=00000000000000000000000000000000, sa_flags=none
SIGUSR2: [libjvm.dylib+0x45ab4e], sa_mask[0]=00100000000000000000000000000000, sa_flags=SA_RESTART|SA_SIGINFO
SIGHUP: [libjvm.dylib+0x459121], sa_mask[0]=11111111011111110111111111111111, sa_flags=SA_RESTART|SA_SIGINFO
SIGINT: [libjvm.dylib+0x459121], sa_mask[0]=11111111011111110111111111111111, sa_flags=SA_RESTART|SA_SIGINFO
SIGTERM: [libjvm.dylib+0x459121], sa_mask[0]=11111111011111110111111111111111, sa_flags=SA_RESTART|SA_SIGINFO
SIGQUIT: [libjvm.dylib+0x459121], sa_mask[0]=11111111011111110111111111111111, sa_flags=SA_RESTART|SA_SIGINFO


---------------  S Y S T E M  ---------------

OS:Bsduname:Darwin 16.5.0 Darwin Kernel Version 16.5.0: Fri Mar  3 16:52:33 PST 2017; root:xnu-3789.51.2~3/RELEASE_X86_64 x86_64
rlimit: STACK 8192k, CORE 0k, NPROC 709, NOFILE 10240, AS infinity
load average:2.51 2.77 2.71

CPU:total 4 (2 cores per cpu, 2 threads per core) family 6 model 69 stepping 1, cmov, cx8, fxsr, mmx, sse, sse2, sse3, ssse3, sse4.1, sse4.2, popcnt, avx, avx2, aes, clmul, erms, lzcnt, ht, tsc, tscinvbit, bmi1, bmi2

Memory: 4k page, physical 16777216k(379872k free)

/proc/meminfo:


vm_info: Java HotSpot(TM) 64-Bit Server VM (25.25-b02) for bsd-amd64 JRE (1.8.0_25-b17), built on Sep 17 2014 16:56:50 by "java_re" with gcc 4.2.1 (Based on Apple Inc. build 5658) (LLVM build 2336.11.00)

time: Fri Aug  4 00:59:11 2017
elapsed time: 3830 seconds (0d 1h 3m 50s)

